ERROR:root:Error al obtener aplicaciones: ORA-00936: missing expression
Help: https://docs.oracle.com/error-help/db/ora-00936/
ERROR:root:Error al obtener aplicaciones: aplicacion.__init__() missing 2 required positional arguments: 'ruta' and 'imagen'
DEBUG:root:[{'IDAPP': '2', 'NOMBRE': 'TECHLOG'}]
ERROR:app:Exception on /asignarAplicaciones [POST]
Traceback (most recent call last):
  File "/home/ecpadmin/MyEcoApps/venv/lib/python3.10/site-packages/flask/app.py", line 1473, in wsgi_app
    response = self.full_dispatch_request()
  File "/home/ecpadmin/MyEcoApps/venv/lib/python3.10/site-packages/flask/app.py", line 883, in full_dispatch_request
    return self.finalize_request(rv)
  File "/home/ecpadmin/MyEcoApps/venv/lib/python3.10/site-packages/flask/app.py", line 902, in finalize_request
    response = self.make_response(rv)
  File "/home/ecpadmin/MyEcoApps/venv/lib/python3.10/site-packages/flask/app.py", line 1174, in make_response
    raise TypeError(
TypeError: The view function for 'asignarAplicaciones' did not return a valid response. The function either returned None or ended without a return statement.
DEBUG:root:[{'IDAPP': '2', 'NOMBRE': 'TECHLOG'}]
ERROR:app:Exception on /asignarAplicaciones [POST]
Traceback (most recent call last):
  File "/home/ecpadmin/MyEcoApps/venv/lib/python3.10/site-packages/flask/app.py", line 1473, in wsgi_app
    response = self.full_dispatch_request()
  File "/home/ecpadmin/MyEcoApps/venv/lib/python3.10/site-packages/flask/app.py", line 883, in full_dispatch_request
    return self.finalize_request(rv)
  File "/home/ecpadmin/MyEcoApps/venv/lib/python3.10/site-packages/flask/app.py", line 902, in finalize_request
    response = self.make_response(rv)
  File "/home/ecpadmin/MyEcoApps/venv/lib/python3.10/site-packages/flask/app.py", line 1174, in make_response
    raise TypeError(
TypeError: The view function for 'asignarAplicaciones' did not return a valid response. The function either returned None or ended without a return statement.
DEBUG:root:(0, 'FRANCISCO', 'C123456@ecopetrol.com', 'ADMIN', 'C123456')
DEBUG:root:(0, 'PETREL', 'RUTA', 'IMG')
DEBUG:root:(1, 'OLGA', 'RUTA', 'IMG')
DEBUG:root:[{'IDAPP': '2', 'NOMBRE': 'TECHLOG'}]
ERROR:app:Exception on /asignarAplicaciones [POST]
Traceback (most recent call last):
  File "/home/ecpadmin/MyEcoApps/venv/lib/python3.10/site-packages/flask/app.py", line 1473, in wsgi_app
    response = self.full_dispatch_request()
  File "/home/ecpadmin/MyEcoApps/venv/lib/python3.10/site-packages/flask/app.py", line 883, in full_dispatch_request
    return self.finalize_request(rv)
  File "/home/ecpadmin/MyEcoApps/venv/lib/python3.10/site-packages/flask/app.py", line 902, in finalize_request
    response = self.make_response(rv)
  File "/home/ecpadmin/MyEcoApps/venv/lib/python3.10/site-packages/flask/app.py", line 1174, in make_response
    raise TypeError(
TypeError: The view function for 'asignarAplicaciones' did not return a valid response. The function either returned None or ended without a return statement.
DEBUG:root:(0, 'FRANCISCO', 'C123456@ecopetrol.com', 'ADMIN', 'C123456')
DEBUG:root:(0, 'PETREL', 'RUTA', 'IMG')
DEBUG:root:(1, 'OLGA', 'RUTA', 'IMG')
ERROR:root:Error al asignar aplicaciones: type object 'aplicacionDAO' has no attribute 'asignarAplicacion'
DEBUG:root:(0, 'FRANCISCO', 'C123456@ecopetrol.com', 'ADMIN', 'C123456')
DEBUG:root:(0, 'PETREL', 'RUTA', 'IMG')
DEBUG:root:(1, 'OLGA', 'RUTA', 'IMG')
ERROR:root:Error al asignar aplicación: 'dict' object has no attribute 'registro'
ERROR:root:Error al asignar aplicaciones: 'dict' object has no attribute 'registro'
DEBUG:root:(0, 'FRANCISCO', 'C123456@ecopetrol.com', 'ADMIN', 'C123456')
DEBUG:root:(0, 'PETREL', 'RUTA', 'IMG')
DEBUG:root:(1, 'OLGA', 'RUTA', 'IMG')
ERROR:root:Error al asignar aplicación: 'dict' object has no attribute 'registro'
ERROR:root:Error al asignar aplicaciones: 'dict' object has no attribute 'registro'
DEBUG:root:(0, 'FRANCISCO', 'C123456@ecopetrol.com', 'ADMIN', 'C123456')
DEBUG:root:(0, 'PETREL', 'RUTA', 'IMG')
DEBUG:root:(1, 'OLGA', 'RUTA', 'IMG')
DEBUG:root:(0, 'FRANCISCO', 'C123456@ecopetrol.com', 'ADMIN', 'C123456')
DEBUG:root:(0, 'PETREL', 'RUTA', 'IMG')
DEBUG:root:(1, 'OLGA', 'RUTA', 'IMG')
ERROR:root:Error al asignar aplicación: 'dict' object has no attribute 'IDUSER'
ERROR:root:Error al asignar aplicaciones: 'dict' object has no attribute 'IDUSER'
DEBUG:root:(0, 'FRANCISCO', 'C123456@ecopetrol.com', 'ADMIN', 'C123456')
DEBUG:root:(0, 'PETREL', 'RUTA', 'IMG')
DEBUG:root:(1, 'OLGA', 'RUTA', 'IMG')
ERROR:root:Error al asignar aplicaciones: can only concatenate str (not "dict") to str
DEBUG:root:(0, 'FRANCISCO', 'C123456@ecopetrol.com', 'ADMIN', 'C123456')
DEBUG:root:(0, 'PETREL', 'RUTA', 'IMG')
DEBUG:root:(1, 'OLGA', 'RUTA', 'IMG')
DEBUG:root:{'IDUSER': 0, 'NOMBRE': 'FRANCISCO', 'CORREO': 'C123456@ecopetrol.com', 'ROL': 'ADMIN', 'REGISTRO': 'C123456', 'APLICACIONES': [{'IDAPP': 0, 'NOMBRE': 'PETREL', 'RUTA': 'RUTA', 'IMAGEN': 'IMG'}, {'IDAPP': 1, 'NOMBRE': 'OLGA', 'RUTA': 'RUTA', 'IMAGEN': 'IMG'}]}
ERROR:root:Error al asignar aplicación: 'dict' object has no attribute 'IDUSER'
ERROR:root:Error al asignar aplicaciones: 'dict' object has no attribute 'IDUSER'
DEBUG:root:(0, 'FRANCISCO', 'C123456@ecopetrol.com', 'ADMIN', 'C123456')
DEBUG:root:(0, 'PETREL', 'RUTA', 'IMG')
DEBUG:root:(1, 'OLGA', 'RUTA', 'IMG')
DEBUG:root:{'IDUSER': 0, 'NOMBRE': 'FRANCISCO', 'CORREO': 'C123456@ecopetrol.com', 'ROL': 'ADMIN', 'REGISTRO': 'C123456', 'APLICACIONES': [{'IDAPP': 0, 'NOMBRE': 'PETREL', 'RUTA': 'RUTA', 'IMAGEN': 'IMG'}, {'IDAPP': 1, 'NOMBRE': 'OLGA', 'RUTA': 'RUTA', 'IMAGEN': 'IMG'}]}
ERROR:root:Error al asignar aplicación: 'dict' object has no attribute 'IDUSER'
ERROR:root:Error al asignar aplicaciones: 'dict' object has no attribute 'IDUSER'
DEBUG:root:(0, 'FRANCISCO', 'C123456@ecopetrol.com', 'ADMIN', 'C123456')
DEBUG:root:(0, 'PETREL', 'RUTA', 'IMG')
DEBUG:root:(1, 'OLGA', 'RUTA', 'IMG')
DEBUG:root:---------------
DEBUG:root:{'IDUSER': 0, 'NOMBRE': 'FRANCISCO', 'CORREO': 'C123456@ecopetrol.com', 'ROL': 'ADMIN', 'REGISTRO': 'C123456', 'APLICACIONES': [{'IDAPP': 0, 'NOMBRE': 'PETREL', 'RUTA': 'RUTA', 'IMAGEN': 'IMG'}, {'IDAPP': 1, 'NOMBRE': 'OLGA', 'RUTA': 'RUTA', 'IMAGEN': 'IMG'}]}
ERROR:root:Error al asignar aplicación: 'dict' object has no attribute 'IDUSER'
ERROR:root:Error al asignar aplicaciones: 'dict' object has no attribute 'IDUSER'
DEBUG:root:(0, 'FRANCISCO', 'C123456@ecopetrol.com', 'ADMIN', 'C123456')
DEBUG:root:(0, 'PETREL', 'RUTA', 'IMG')
DEBUG:root:(1, 'OLGA', 'RUTA', 'IMG')
DEBUG:root:---------------
DEBUG:root:{'IDUSER': 0, 'NOMBRE': 'FRANCISCO', 'CORREO': 'C123456@ecopetrol.com', 'ROL': 'ADMIN', 'REGISTRO': 'C123456', 'APLICACIONES': [{'IDAPP': 0, 'NOMBRE': 'PETREL', 'RUTA': 'RUTA', 'IMAGEN': 'IMG'}, {'IDAPP': 1, 'NOMBRE': 'OLGA', 'RUTA': 'RUTA', 'IMAGEN': 'IMG'}]}
ERROR:root:Error al asignar aplicación: ORA-01036: unrecognized bind variable nombre_app passed to the bind call
Help: https://docs.oracle.com/error-help/db/ora-01036/
ERROR:root:Error al asignar aplicaciones: ORA-01036: unrecognized bind variable nombre_app passed to the bind call
Help: https://docs.oracle.com/error-help/db/ora-01036/
DEBUG:root:(0, 'FRANCISCO', 'C123456@ecopetrol.com', 'ADMIN', 'C123456')
DEBUG:root:(0, 'PETREL', 'RUTA', 'IMG')
DEBUG:root:(1, 'OLGA', 'RUTA', 'IMG')
DEBUG:root:---------------
DEBUG:root:{'IDUSER': 0, 'NOMBRE': 'FRANCISCO', 'CORREO': 'C123456@ecopetrol.com', 'ROL': 'ADMIN', 'REGISTRO': 'C123456', 'APLICACIONES': [{'IDAPP': 0, 'NOMBRE': 'PETREL', 'RUTA': 'RUTA', 'IMAGEN': 'IMG'}, {'IDAPP': 1, 'NOMBRE': 'OLGA', 'RUTA': 'RUTA', 'IMAGEN': 'IMG'}]}
DEBUG:root:(0, 'FRANCISCO', 'C123456@ecopetrol.com', 'ADMIN', 'C123456')
DEBUG:root:(2, 'TECHLOG', 'RUTA', 'IMG')
DEBUG:root:(0, 'PETREL', 'RUTA', 'IMG')
DEBUG:root:(1, 'OLGA', 'RUTA', 'IMG')
DEBUG:root:(1, 'JAVIER', 'C1234567@ecopetrol.com', 'ADMIN', 'C1234567')
DEBUG:root:---------------
DEBUG:root:{'IDUSER': 1, 'NOMBRE': 'JAVIER', 'CORREO': 'C1234567@ecopetrol.com', 'ROL': 'ADMIN', 'REGISTRO': 'C1234567', 'APLICACIONES': []}
DEBUG:root:---------------
DEBUG:root:{'IDUSER': 1, 'NOMBRE': 'JAVIER', 'CORREO': 'C1234567@ecopetrol.com', 'ROL': 'ADMIN', 'REGISTRO': 'C1234567', 'APLICACIONES': []}
DEBUG:root:(0, 'FRANCISCO', 'C123456@ecopetrol.com', 'ADMIN', 'C123456')
DEBUG:root:(2, 'TECHLOG', 'RUTA', 'IMG')
DEBUG:root:(0, 'PETREL', 'RUTA', 'IMG')
DEBUG:root:(1, 'OLGA', 'RUTA', 'IMG')
DEBUG:root:(0, 'FRANCISCO', 'C123456@ecopetrol.com', 'ADMIN', 'C123456')
DEBUG:root:(2, 'TECHLOG', 'RUTA', 'IMG')
DEBUG:root:(0, 'PETREL', 'RUTA', 'IMG')
DEBUG:root:(1, 'OLGA', 'RUTA', 'IMG')
DEBUG:root:(1, 'JAVIER', 'C1234567@ecopetrol.com', 'ADMIN', 'C1234567')
DEBUG:root:(0, 'PETREL', 'RUTA', 'IMG')
DEBUG:root:(1, 'OLGA', 'RUTA', 'IMG')
DEBUG:root:(1, 'JAVIER', 'C1234567@ecopetrol.com', 'ADMIN', 'C1234567')
DEBUG:root:(0, 'PETREL', 'RUTA', 'IMG')
DEBUG:root:(1, 'OLGA', 'RUTA', 'IMG')
DEBUG:root:(2, 'TECHLOG', 'RUTA', 'IMG')
